{
  "stats": {
    "suites": 1,
    "tests": 1,
    "passes": 1,
    "pending": 0,
    "failures": 0,
    "start": "2020-04-07T14:26:42.349Z",
    "end": "2020-04-07T14:26:42.375Z",
    "duration": 26,
    "testsRegistered": 1,
    "passPercent": 100,
    "pendingPercent": 0,
    "other": 0,
    "hasOther": false,
    "skipped": 0,
    "hasSkipped": false
  },
  "results": [
    {
      "uuid": "ffb7e377-8d35-43a0-8255-f8b4e61f5a55",
      "title": "",
      "fullFile": "",
      "file": "",
      "beforeHooks": [],
      "afterHooks": [],
      "tests": [],
      "suites": [
        {
          "uuid": "7f9b4791-b650-4621-9c55-5b58d327b3fc",
          "title": "node interface test",
          "fullFile": "/Users/Marvin/space/github/codes/test/service/router.spec.js",
          "file": "/service/router.spec.js",
          "beforeHooks": [],
          "afterHooks": [],
          "tests": [
            {
              "title": "test interface",
              "fullTitle": "node interface test test interface",
              "timedOut": false,
              "duration": 21,
              "state": "passed",
              "speed": "fast",
              "pass": true,
              "fail": false,
              "pending": false,
              "context": null,
              "code": "request()\n  .get('/test')\n  .expect(200)\n  .expect('Content-Type', /json/)\n  .end(function (err, res) {\n    if (err) {\n      done(err)\n    }\n    if (res.body.hello === 'world') {\n      done()\n    } else {\n      done(new Error('interface error'))\n    }\n  })",
              "err": {},
              "uuid": "6b9104ad-6932-477a-80a0-1680b33cecc3",
              "parentUUID": "7f9b4791-b650-4621-9c55-5b58d327b3fc",
              "isHook": false,
              "skipped": false
            }
          ],
          "suites": [],
          "passes": [
            "6b9104ad-6932-477a-80a0-1680b33cecc3"
          ],
          "failures": [],
          "pending": [],
          "skipped": [],
          "duration": 21,
          "root": false,
          "rootEmpty": false,
          "_timeout": 2000
        }
      ],
      "passes": [],
      "failures": [],
      "pending": [],
      "skipped": [],
      "duration": 0,
      "root": true,
      "rootEmpty": true,
      "_timeout": 2000
    }
  ],
  "meta": {
    "mocha": {
      "version": "7.1.1"
    },
    "mochawesome": {
      "options": {
        "quiet": false,
        "reportFilename": "mochawesome",
        "saveHtml": true,
        "saveJson": true,
        "consoleReporter": "spec",
        "useInlineDiffs": false,
        "code": true
      },
      "version": "5.0.0"
    },
    "marge": {
      "options": {
        "reportDir": "./docs/nodeTest"
      },
      "version": "4.1.0"
    }
  }
}